Classic Timing Analyzer report for ex5
Wed Apr 08 14:34:04 2020
Quartus II Version 8.1 Build 163 10/28/2008 SJ Web Edition


---------------------
; Table of Contents ;
---------------------
  1. Legal Notice
  2. Timing Analyzer Summary
  3. Timing Analyzer Settings
  4. tpd
  5. Timing Analyzer Messages



----------------
; Legal Notice ;
----------------
Copyright (C) 1991-2008 Altera Corporation
Your use of Altera Corporation's design tools, logic functions 
and other software and tools, and its AMPP partner logic 
functions, and any output files from any of the foregoing 
(including device programming or simulation files), and any 
associated documentation or information are expressly subject 
to the terms and conditions of the Altera Program License 
Subscription Agreement, Altera MegaCore Function License 
Agreement, or other applicable license agreement, including, 
without limitation, that your use is for the sole purpose of 
programming logic devices manufactured by Altera and sold by 
Altera or its authorized distributors.  Please refer to the 
applicable agreement for further details.



+-----------------------------------------------------------------------------------------------------------------------+
; Timing Analyzer Summary                                                                                               ;
+------------------------------+-------+---------------+-------------+------+----+------------+----------+--------------+
; Type                         ; Slack ; Required Time ; Actual Time ; From ; To ; From Clock ; To Clock ; Failed Paths ;
+------------------------------+-------+---------------+-------------+------+----+------------+----------+--------------+
; Worst-case tpd               ; N/A   ; None          ; 11.080 ns   ; B1   ; F3 ; --         ; --       ; 0            ;
; Total number of failed paths ;       ;               ;             ;      ;    ;            ;          ; 0            ;
+------------------------------+-------+---------------+-------------+------+----+------------+----------+--------------+


+--------------------------------------------------------------------------------------------------------------------+
; Timing Analyzer Settings                                                                                           ;
+---------------------------------------------------------------------+--------------------+------+----+-------------+
; Option                                                              ; Setting            ; From ; To ; Entity Name ;
+---------------------------------------------------------------------+--------------------+------+----+-------------+
; Device Name                                                         ; EP2C70F896C6       ;      ;    ;             ;
; Timing Models                                                       ; Final              ;      ;    ;             ;
; Default hold multicycle                                             ; Same as Multicycle ;      ;    ;             ;
; Cut paths between unrelated clock domains                           ; On                 ;      ;    ;             ;
; Cut off read during write signal paths                              ; On                 ;      ;    ;             ;
; Cut off feedback from I/O pins                                      ; On                 ;      ;    ;             ;
; Report Combined Fast/Slow Timing                                    ; Off                ;      ;    ;             ;
; Ignore Clock Settings                                               ; Off                ;      ;    ;             ;
; Analyze latches as synchronous elements                             ; On                 ;      ;    ;             ;
; Enable Recovery/Removal analysis                                    ; Off                ;      ;    ;             ;
; Enable Clock Latency                                                ; Off                ;      ;    ;             ;
; Use TimeQuest Timing Analyzer                                       ; Off                ;      ;    ;             ;
; Minimum Core Junction Temperature                                   ; 0                  ;      ;    ;             ;
; Maximum Core Junction Temperature                                   ; 85                 ;      ;    ;             ;
; Number of source nodes to report per destination node               ; 10                 ;      ;    ;             ;
; Number of destination nodes to report                               ; 10                 ;      ;    ;             ;
; Number of paths to report                                           ; 200                ;      ;    ;             ;
; Report Minimum Timing Checks                                        ; Off                ;      ;    ;             ;
; Use Fast Timing Models                                              ; Off                ;      ;    ;             ;
; Report IO Paths Separately                                          ; Off                ;      ;    ;             ;
; Perform Multicorner Analysis                                        ; On                 ;      ;    ;             ;
; Reports the worst-case path for each clock domain and analysis      ; Off                ;      ;    ;             ;
; Removes common clock path pessimism (CCPP) during slack computation ; Off                ;      ;    ;             ;
; Output I/O Timing Endpoint                                          ; Near End           ;      ;    ;             ;
+---------------------------------------------------------------------+--------------------+------+----+-------------+


+----------------------------------------------------------+
; tpd                                                      ;
+-------+-------------------+-----------------+------+-----+
; Slack ; Required P2P Time ; Actual P2P Time ; From ; To  ;
+-------+-------------------+-----------------+------+-----+
; N/A   ; None              ; 11.080 ns       ; B1   ; F3  ;
; N/A   ; None              ; 10.877 ns       ; B1   ; Cn4 ;
; N/A   ; None              ; 10.794 ns       ; B0   ; F3  ;
; N/A   ; None              ; 10.614 ns       ; A0   ; F3  ;
; N/A   ; None              ; 10.591 ns       ; B0   ; Cn4 ;
; N/A   ; None              ; 10.549 ns       ; A1   ; F3  ;
; N/A   ; None              ; 10.517 ns       ; B1   ; F2  ;
; N/A   ; None              ; 10.411 ns       ; A0   ; Cn4 ;
; N/A   ; None              ; 10.400 ns       ; C1   ; F3  ;
; N/A   ; None              ; 10.346 ns       ; A1   ; Cn4 ;
; N/A   ; None              ; 10.236 ns       ; B0   ; F2  ;
; N/A   ; None              ; 10.233 ns       ; B2   ; F3  ;
; N/A   ; None              ; 10.197 ns       ; C1   ; Cn4 ;
; N/A   ; None              ; 10.051 ns       ; A0   ; F2  ;
; N/A   ; None              ; 10.030 ns       ; B2   ; Cn4 ;
; N/A   ; None              ; 9.986 ns        ; A1   ; F2  ;
; N/A   ; None              ; 9.961 ns        ; C2   ; F3  ;
; N/A   ; None              ; 9.866 ns        ; B3   ; F3  ;
; N/A   ; None              ; 9.842 ns        ; C1   ; F2  ;
; N/A   ; None              ; 9.758 ns        ; C2   ; Cn4 ;
; N/A   ; None              ; 9.703 ns        ; A2   ; F3  ;
; N/A   ; None              ; 9.687 ns        ; B1   ; F1  ;
; N/A   ; None              ; 9.670 ns        ; B2   ; F2  ;
; N/A   ; None              ; 9.639 ns        ; B3   ; Cn4 ;
; N/A   ; None              ; 9.539 ns        ; B0   ; F1  ;
; N/A   ; None              ; 9.476 ns        ; A2   ; Cn4 ;
; N/A   ; None              ; 9.430 ns        ; C3   ; F3  ;
; N/A   ; None              ; 9.407 ns        ; C2   ; F2  ;
; N/A   ; None              ; 9.229 ns        ; C3   ; Cn4 ;
; N/A   ; None              ; 9.224 ns        ; A0   ; F1  ;
; N/A   ; None              ; 9.151 ns        ; B0   ; F0  ;
; N/A   ; None              ; 9.145 ns        ; C1   ; F1  ;
; N/A   ; None              ; 7.790 ns        ; C0   ; F3  ;
; N/A   ; None              ; 7.587 ns        ; C0   ; Cn4 ;
; N/A   ; None              ; 7.232 ns        ; C0   ; F2  ;
; N/A   ; None              ; 6.548 ns        ; C0   ; F0  ;
; N/A   ; None              ; 6.533 ns        ; C0   ; F1  ;
+-------+-------------------+-----------------+------+-----+


+--------------------------+
; Timing Analyzer Messages ;
+--------------------------+
Info: *******************************************************************
Info: Running Quartus II Classic Timing Analyzer
    Info: Version 8.1 Build 163 10/28/2008 SJ Web Edition
    Info: Processing started: Wed Apr 08 14:34:04 2020
Info: Command: quartus_tan --read_settings_files=off --write_settings_files=off ex5 -c ex5 --timing_analysis_only
Info: Longest tpd from source pin "B1" to destination pin "F3" is 11.080 ns
    Info: 1: + IC(0.000 ns) + CELL(0.822 ns) = 0.822 ns; Loc. = PIN_M8; Fanout = 3; PIN Node = 'B1'
    Info: 2: + IC(4.821 ns) + CELL(0.271 ns) = 5.914 ns; Loc. = LCCOMB_X1_Y43_N26; Fanout = 2; COMB Node = '74181:inst13|44~15'
    Info: 3: + IC(0.260 ns) + CELL(0.420 ns) = 6.594 ns; Loc. = LCCOMB_X1_Y43_N20; Fanout = 3; COMB Node = '74181:inst13|82'
    Info: 4: + IC(0.273 ns) + CELL(0.275 ns) = 7.142 ns; Loc. = LCCOMB_X1_Y43_N2; Fanout = 2; COMB Node = '74181:inst14|63~36'
    Info: 5: + IC(0.250 ns) + CELL(0.420 ns) = 7.812 ns; Loc. = LCCOMB_X1_Y43_N0; Fanout = 1; COMB Node = '74181:inst14|77'
    Info: 6: + IC(0.626 ns) + CELL(2.642 ns) = 11.080 ns; Loc. = PIN_H3; Fanout = 0; PIN Node = 'F3'
    Info: Total cell delay = 4.850 ns ( 43.77 % )
    Info: Total interconnect delay = 6.230 ns ( 56.23 % )
Info: Quartus II Classic Timing Analyzer was successful. 0 errors, 0 warnings
    Info: Peak virtual memory: 204 megabytes
    Info: Processing ended: Wed Apr 08 14:34:04 2020
    Info: Elapsed time: 00:00:00
    Info: Total CPU time (on all processors): 00:00:00


